Thu Apr 13 14:34:50 UTC 2023: 12-24 Months	Equity Derivatives - (F)/VBA for Excel - (T) was created.
Thu Apr 13 14:39:41 UTC 2023: 0-1 Months/IT Basics - (Technical) was created.
Thu Apr 13 14:39:41 UTC 2023: 0-1 Months/UNIX Introduction - (Technical) was created.
Thu Apr 13 14:39:41 UTC 2023: 0-1 Months/SQL (Write SQL Statements) - (Technical) was created.
Thu Apr 13 14:39:41 UTC 2023: 1-3 Months/Basic Concepts 1 - (Finance) was created.
Thu Apr 13 14:39:41 UTC 2023: 1-3 Months/Excel - (Technical) was created.
Thu Apr 13 14:39:41 UTC 2023: 1-3 Months/Introduction to Kx - (Technical) was created.
Thu Apr 13 14:39:41 UTC 2023: 1-3 Months/Software Testing - (Technical) was created.
Thu Apr 13 14:39:41 UTC 2023: 1-3 Months/Kx Month 1 Checkpoint - (Technical) was created.
Thu Apr 13 14:39:41 UTC 2023: 1-3 Months/Unix Refresher - (Technical) was created.
Thu Apr 13 14:39:41 UTC 2023: 1-3 Months/Python Basics - (Technical) was created.
Thu Apr 13 14:39:41 UTC 2023: 3-12 Months/Basic Concepts 2 - (Finance) was created.
Thu Apr 13 14:39:41 UTC 2023: 3-12 Months/Equity Market - (Finance) was created.
Thu Apr 13 14:39:41 UTC 2023: 3-12 Months/Market Data - (Finance) was created.
Thu Apr 13 14:39:41 UTC 2023: 3-12 Months/Basic Communication Skills - (Consultancy) was created.
Thu Apr 13 14:39:41 UTC 2023: 3-12 Months/Interview Training - (Consultancy) was created.
Thu Apr 13 14:39:41 UTC 2023: 3-12 Months/Professional Documentation - (Consultancy) was created.
Thu Apr 13 14:39:41 UTC 2023: 3-12 Months/Powerpoint Presentations - (Consultancy) was created.
Thu Apr 13 14:39:41 UTC 2023: 3-12 Months/Intermediate KDB - (Technical) was created.
Thu Apr 13 14:39:41 UTC 2023: 3-12 Months/Software Engineering - (Technical) was created.
Thu Apr 13 14:39:41 UTC 2023: 12-24 Months/Equity Derivatives - (Finance) was created.
Thu Apr 13 14:39:41 UTC 2023: 12-24 Months/FX Derivatives - (Finance) was created.
Thu Apr 13 14:39:41 UTC 2023: 12-24 Months/FD Marketing - (Consultancy) was created.
Thu Apr 13 14:39:41 UTC 2023: 12-24 Months/Supporting Financial Systems - (Technical) was created.
Thu Apr 13 14:39:41 UTC 2023: 12-24 Months/Advanced KDB - (Technical) was created.
Thu Apr 13 14:39:41 UTC 2023: 12-24 Months/Release Management - (Technical) was created.
Thu Apr 13 14:39:41 UTC 2023: 12-24 Months/IPC - (Technical) was created.
Thu Apr 13 14:39:41 UTC 2023: Optional/Fixed Income - (Finance) was created.
Thu Apr 13 14:39:41 UTC 2023: Optional/Interest Rate Derivatives - (Finance) was created.
Thu Apr 13 14:39:41 UTC 2023: Optional/ET Future & Options - (Finance) was created.
Thu Apr 13 14:39:41 UTC 2023: Optional/Credit Derivatives - (Finance) was created.
Thu Apr 13 14:39:41 UTC 2023: Optional/Team Leader Skills - (Consultancy) was created.
Thu Apr 13 14:39:41 UTC 2023: Optional/Project Management - (Consultancy) was created.
Thu Apr 13 14:39:41 UTC 2023: Optional/Algorithmic Programme Trading - (Technical) was created.
Thu Apr 13 14:39:41 UTC 2023: Optional/Principles of Financial System Design - (Technical) was created.
Thu Apr 13 14:39:41 UTC 2023: Optional/Financial GUI Design - (Technical) was created.
Thu Apr 13 14:39:41 UTC 2023: Optional/Grid Computing - (Technical) was created.
Thu Apr 13 14:39:41 UTC 2023: Optional/VBA for Excel - (Technical) was created.
Thu Apr 13 14:39:41 UTC 2023: Optional/Feedhandler Development - (Technical) was created.
